[2025-07-26 09:41:35] [INFO] Changed working directory to D:\Scripts\NEW\SSR
[2025-07-26 09:41:36] [INFO] Running git pull...
[2025-07-26 09:41:36] [INFO] git pull completed successfully.
[2025-07-26 09:41:37] [INFO] Copied C:\Users\CN-0627\Desktop\NSB PHASE 2 FILES\NSB P2\NSB All files\SSR NSB P2 NEW.xlsx to D:\Scripts\NEW\SSR\SSR.xlsx
[2025-07-26 09:41:37] [INFO] Running git add...
[2025-07-26 09:41:37] [INFO] Running git commit...
[2025-07-26 09:41:37] [INFO] git commit successful.
[2025-07-26 09:41:37] [INFO] Running git push...
[2025-07-26 09:41:39] [INFO] git push successful.
[2025-07-26 10:13:11] [INFO] Changed working directory to D:\Scripts\NEW\SSR
[2025-07-26 10:13:11] [INFO] Running git pull...
[2025-07-26 10:13:13] [INFO] git pull completed successfully.
[2025-07-26 10:13:13] [INFO] Copied C:\Users\CN-0627\Desktop\NSB PHASE 2 FILES\NSB P2\NSB All files\SSR NSB P2 NEW.xlsx to D:\Scripts\NEW\SSR\SSR.xlsx
[2025-07-26 10:13:13] [INFO] Running git add...
[2025-07-26 10:13:13] [INFO] Running git commit...
[2025-07-26 10:13:13] [INFO] git commit successful.
[2025-07-26 10:13:13] [INFO] Running git push...
[2025-07-26 10:13:16] [INFO] git push successful.
[2025-07-26 10:26:59] [INFO] Changed working directory to D:\Scripts\NEW\SSR
[2025-07-26 10:26:59] [INFO] Running git pull...
[2025-07-26 10:27:01] [ERROR] git pull failed.
[2025-07-26 10:27:01] [INFO] Copied C:\Users\CN-0627\Desktop\NSB PHASE 2 FILES\NSB P2\NSB All files\SSR NSB P2 NEW.xlsx to D:\Scripts\NEW\SSR\SSR.xlsx
[2025-07-26 10:27:01] [INFO] Running git add...
[2025-07-26 10:27:01] [INFO] Running git commit...
[2025-07-26 10:27:01] [INFO] git commit successful.
[2025-07-26 10:27:02] [INFO] Running git push...
[2025-07-26 10:27:03] [ERROR] git push failed.
[2025-07-26 10:31:32] [INFO] Changed working directory to D:\Scripts\NEW\SSR
[2025-07-26 10:31:32] [INFO] Running git pull...
[2025-07-26 10:31:34] [ERROR] git pull failed.
[2025-07-26 10:31:34] [INFO] Copied C:\Users\CN-0627\Desktop\NSB PHASE 2 FILES\NSB P2\NSB All files\SSR NSB P2 NEW.xlsx to D:\Scripts\NEW\SSR\SSR.xlsx
[2025-07-26 10:31:34] [INFO] Running git add...
[2025-07-26 10:31:34] [INFO] Running git commit...
[2025-07-26 10:31:34] [INFO] git commit successful.
[2025-07-26 10:31:34] [INFO] Running git push...
[2025-07-26 10:31:36] [INFO] git push successful.
[2025-07-26 10:33:21] [INFO] Changed working directory to D:\Scripts\NEW\SSR
[2025-07-26 10:33:21] [INFO] Running git pull...
[2025-07-26 10:33:22] [INFO] git pull completed successfully.
[2025-07-26 10:33:22] [INFO] Copied C:\Users\CN-0627\Desktop\NSB PHASE 2 FILES\NSB P2\NSB All files\SSR NSB P2 NEW.xlsx to D:\Scripts\NEW\SSR\SSR.xlsx
[2025-07-26 10:33:22] [INFO] Running git add...
[2025-07-26 10:33:22] [INFO] Running git commit...
[2025-07-26 10:33:22] [INFO] git commit successful.
[2025-07-26 10:33:22] [INFO] Running git push...
[2025-07-26 10:33:24] [ERROR] git push failed.
[2025-07-26 10:41:20] [INFO] Changed working directory to D:\Scripts\NEW\SSR
[2025-07-26 10:41:20] [INFO] Running git pull...
[2025-07-26 10:41:21] [INFO] git pull completed successfully.
[2025-07-26 10:41:21] [INFO] Copied C:\Users\CN-0627\Desktop\NSB PHASE 2 FILES\NSB P2\NSB All files\SSR NSB P2 NEW.xlsx to D:\Scripts\NEW\SSR\SSR.xlsx
[2025-07-26 10:41:21] [INFO] Running git add...
[2025-07-26 10:41:22] [INFO] Running git commit...
[2025-07-26 10:41:22] [INFO] git commit successful.
[2025-07-26 10:41:22] [INFO] Running git push...
[2025-07-26 10:41:24] [INFO] git push successful.
[2025-07-26 11:29:15] [INFO] Changed working directory to D:\Scripts\NEW\SSR
[2025-07-26 11:29:15] [INFO] Running git pull...
[2025-07-26 11:29:16] [INFO] git pull completed successfully.
[2025-07-26 11:29:16] [INFO] Copied C:\Users\CN-0627\Desktop\NSB PHASE 2 FILES\NSB P2\NSB All files\SSR NSB P2 NEW.xlsx to D:\Scripts\NEW\SSR\SSR.xlsx
[2025-07-26 11:29:16] [INFO] Running git add...
[2025-07-26 11:29:16] [INFO] Running git commit...
[2025-07-26 11:29:16] [INFO] git commit successful.
[2025-07-26 11:29:16] [INFO] Running git push...
[2025-07-26 11:29:19] [INFO] git push successful.
[2025-07-26 13:35:53] [INFO] Changed working directory to D:\Scripts\NEW\SSR
[2025-07-26 13:35:53] [INFO] Running git pull...
[2025-07-26 13:35:54] [INFO] git pull completed successfully.
[2025-07-26 13:35:54] [INFO] Copied C:\Users\CN-0627\Desktop\NSB PHASE 2 FILES\NSB P2\NSB All files\SSR NSB P2 NEW.xlsx to D:\Scripts\NEW\SSR\NSB-P2 SSR.xlsx
[2025-07-26 13:35:54] [INFO] Running git add...
[2025-07-26 13:35:54] [INFO] Running git commit...
[2025-07-26 13:35:55] [INFO] git commit successful.
[2025-07-26 13:35:55] [INFO] Running git push...
[2025-07-26 13:35:57] [INFO] git push successful.
